<?xml version="1.0" encoding="UTF-8"?>
<!-- Generated by org.testng.reporters.JUnitReportReporter -->
<testsuite hostname="DESKTOP-KCD5NEF" failures="0" tests="1" name="myProject.BrokenUrl" time="26.568" errors="0" timestamp="2023-03-02T15:49:51 IST" skipped="0">
  <testcase classname="myProject.BrokenUrl" name="testBrokenUrl" time="26.568"/>
  <system-out/>
</testsuite> <!-- myProject.BrokenUrl -->
