<?xml version="1.0" encoding="UTF-8"?>
<!-- Generated by org.testng.reporters.JUnitReportReporter -->
<testsuite hostname="DESKTOP-KCD5NEF" failures="0" tests="1" name="myProject.CheckUrl" time="26.343" errors="0" timestamp="2023-03-02T16:51:00 IST" skipped="0">
  <testcase classname="myProject.CheckUrl" name="testBrokenUrl" time="26.343"/>
  <system-out/>
</testsuite> <!-- myProject.CheckUrl -->
