<?xml version="1.0" encoding="UTF-8"?>
<!-- Generated by org.testng.reporters.JUnitReportReporter -->
<testsuite hostname="DESKTOP-KCD5NEF" failures="0" tests="1" name="myProject.TestWindowHandles" time="7.249" errors="0" timestamp="2023-03-01T23:08:02 IST" skipped="0">
  <testcase classname="myProject.TestWindowHandles" name="testWindowHandles" time="7.249"/>
  <system-out/>
</testsuite> <!-- myProject.TestWindowHandles -->
