<?xml version="1.0" encoding="UTF-8"?>
<!-- Generated by org.testng.reporters.JUnitReportReporter -->
<testsuite hostname="DESKTOP-KCD5NEF" failures="0" tests="1" name="myProject.ActionClass" time="5.978" errors="0" timestamp="2023-03-07T01:51:04 IST" skipped="0">
  <testcase classname="myProject.ActionClass" name="testControlGroup" time="5.978"/>
  <system-out/>
</testsuite> <!-- myProject.ActionClass -->
