<?xml version="1.0" encoding="UTF-8"?>
<!-- Generated by org.testng.reporters.JUnitReportReporter -->
<testsuite hostname="DESKTOP-KCD5NEF" failures="0" tests="1" name="myPractice.VikasVerma" time="86.893" errors="0" timestamp="2023-02-26T22:30:38 IST" skipped="0">
  <testcase classname="myPractice.VikasVerma" name="searchPic" time="86.893"/>
  <system-out/>
</testsuite> <!-- myPractice.VikasVerma -->
